{
  "RSpec": {
    "coverage": {
      "/Users/chasedunagan/module1/black_thursday/lib/customer_repository.rb": [
        1,
        1,
        1,
        null,
        1,
        1,
        null,
        1,
        144,
        144,
        144,
        144,
        null,
        null,
        1,
        144,
        null,
        null,
        1,
        144,
        72000,
        null,
        null,
        null,
        1,
        7,
        508,
        null,
        null,
        null,
        1,
        6,
        3000,
        null,
        null,
        null,
        1,
        6,
        3000,
        null,
        null,
        null,
        1,
        1,
        null,
        null,
        1,
        null,
        null,
        null
      ],
      "/Users/chasedunagan/module1/black_thursday/lib/customer.rb": [
        1,
        1,
        null,
        1,
        null,
        1,
        null,
        null,
        null,
        null,
        null,
        null,
        1,
        72005,
        72005,
        72005,
        72005,
        72005,
        72005,
        null,
        null,
        1,
        1,
        null,
        null,
        null
      ],
      "/Users/chasedunagan/module1/black_thursday/lib/sales_engine.rb": [
        1,
        1,
        1,
        1,
        1,
        1,
        1,
        1,
        null,
        1,
        null,
        1,
        null,
        null,
        null,
        null,
        null,
        null,
        1,
        137,
        137,
        137,
        137,
        137,
        137,
        null,
        null,
        null,
        1,
        110,
        null,
        null,
        1,
        1430,
        null,
        null,
        1,
        2380,
        null,
        null,
        1,
        1,
        1,
        8,
        null,
        null,
        null,
        1,
        5,
        null,
        null,
        1,
        2,
        2,
        16,
        null,
        null,
        null,
        1,
        5,
        null,
        null,
        1,
        6,
        null,
        null,
        1,
        1,
        null,
        null,
        1,
        3,
        null,
        null,
        1,
        2,
        null,
        null,
        1,
        2,
        2,
        null,
        null,
        null,
        1,
        3805,
        null,
        null,
        1,
        1428,
        null,
        null,
        1,
        2394,
        null,
        null,
        1,
        9,
        null,
        null,
        1,
        24,
        null,
        null,
        1,
        7,
        null,
        null,
        null,
        null
      ],
      "/Users/chasedunagan/module1/black_thursday/lib/item_repository.rb": [
        1,
        1,
        1,
        null,
        1,
        1,
        null,
        1,
        149,
        149,
        149,
        149,
        null,
        null,
        1,
        149,
        null,
        null,
        1,
        149,
        1341,
        null,
        null,
        null,
        1,
        22,
        154,
        null,
        null,
        null,
        1,
        5,
        27,
        null,
        null,
        null,
        1,
        4,
        36,
        null,
        null,
        null,
        1,
        4,
        36,
        null,
        null,
        null,
        1,
        4,
        36,
        null,
        null,
        null,
        1,
        1434,
        12906,
        null,
        null,
        null,
        1,
        2,
        null,
        null,
        1,
        0,
        null,
        null,
        1,
        null,
        null
      ],
      "/Users/chasedunagan/module1/black_thursday/lib/item.rb": [
        1,
        1,
        1,
        null,
        1,
        1,
        null,
        null,
        null,
        null,
        null,
        null,
        null,
        1,
        1351,
        1351,
        1351,
        1351,
        1351,
        1351,
        1351,
        1351,
        null,
        null,
        1,
        49,
        null,
        null,
        1,
        2,
        null,
        null
      ],
      "/Users/chasedunagan/module1/black_thursday/lib/merchant_repository.rb": [
        1,
        null,
        1,
        1,
        null,
        1,
        1,
        null,
        1,
        148,
        148,
        148,
        148,
        null,
        null,
        1,
        148,
        null,
        null,
        1,
        148,
        70300,
        null,
        null,
        null,
        1,
        17,
        3572,
        null,
        null,
        null,
        1,
        4,
        820,
        null,
        null,
        null,
        1,
        6,
        2850,
        null,
        null,
        null,
        1,
        2,
        null,
        null,
        1,
        3,
        null,
        null,
        1,
        1,
        null,
        null,
        null,
        1,
        0,
        null,
        null,
        null,
        1,
        null,
        null,
        null,
        null,
        null,
        null
      ],
      "/Users/chasedunagan/module1/black_thursday/lib/merchant.rb": [
        1,
        1,
        null,
        1,
        null,
        1,
        null,
        null,
        null,
        null,
        null,
        1,
        70308,
        70308,
        70308,
        70308,
        70308,
        null,
        null,
        1,
        1,
        null,
        null,
        1,
        1,
        null,
        null,
        1,
        1,
        null,
        null
      ],
      "/Users/chasedunagan/module1/black_thursday/lib/invoice_repository.rb": [
        1,
        1,
        1,
        null,
        1,
        1,
        null,
        1,
        153,
        153,
        153,
        153,
        null,
        null,
        1,
        153,
        null,
        null,
        1,
        153,
        2907,
        null,
        null,
        null,
        1,
        12,
        93,
        null,
        null,
        null,
        1,
        2,
        38,
        null,
        null,
        null,
        1,
        2382,
        45258,
        null,
        null,
        null,
        1,
        2,
        38,
        null,
        null,
        null,
        1,
        2,
        null,
        null,
        1,
        2,
        null,
        null,
        1,
        4,
        null,
        null,
        1,
        6,
        null,
        null,
        1,
        1,
        null,
        null,
        1,
        3,
        57,
        null,
        null,
        null,
        null,
        1,
        null,
        null,
        null,
        null,
        null
      ],
      "/Users/chasedunagan/module1/black_thursday/lib/invoice.rb": [
        1,
        1,
        null,
        1,
        null,
        1,
        null,
        null,
        null,
        null,
        null,
        null,
        null,
        1,
        2920,
        2920,
        2920,
        2920,
        2920,
        2920,
        2920,
        null,
        1,
        0,
        null,
        null,
        1,
        1,
        null,
        null,
        1,
        5,
        null,
        null,
        1,
        0,
        null,
        null,
        1,
        2,
        0,
        null,
        4,
        null,
        null,
        null,
        1,
        3,
        null,
        null,
        null,
        null,
        1,
        1,
        1,
        4,
        null,
        null,
        null,
        null,
        null,
        null,
        null,
        null,
        null
      ],
      "/Users/chasedunagan/module1/black_thursday/lib/transactions_repository.rb": [
        1,
        1,
        1,
        null,
        1,
        1,
        null,
        1,
        146,
        146,
        146,
        146,
        null,
        null,
        1,
        146,
        null,
        null,
        1,
        146,
        145854,
        null,
        null,
        null,
        1,
        4,
        82,
        null,
        null,
        null,
        1,
        10,
        9990,
        null,
        null,
        null,
        1,
        4,
        3996,
        null,
        null,
        null,
        1,
        4,
        3996,
        null,
        null,
        null,
        1,
        2,
        null,
        null,
        1,
        null,
        null
      ],
      "/Users/chasedunagan/module1/black_thursday/lib/transaction.rb": [
        1,
        1,
        1,
        null,
        1,
        1,
        null,
        null,
        null,
        null,
        null,
        null,
        null,
        null,
        1,
        145864,
        145864,
        145864,
        145864,
        145864,
        145864,
        145864,
        145864,
        null,
        null,
        1,
        2,
        null,
        null
      ],
      "/Users/chasedunagan/module1/black_thursday/lib/invoice_item_repository.rb": [
        1,
        1,
        1,
        null,
        1,
        1,
        null,
        1,
        145,
        145,
        145,
        145,
        null,
        null,
        1,
        145,
        null,
        null,
        1,
        145,
        144710,
        null,
        null,
        null,
        1,
        4,
        1998,
        null,
        null,
        null,
        1,
        0,
        0,
        null,
        null,
        null,
        1,
        3,
        2994,
        null,
        null,
        null,
        null,
        1,
        11,
        10978,
        null,
        null,
        null,
        1,
        null,
        null
      ],
      "/Users/chasedunagan/module1/black_thursday/lib/invoice_item.rb": [
        1,
        1,
        1,
        null,
        1,
        1,
        null,
        null,
        null,
        null,
        null,
        null,
        null,
        null,
        1,
        144719,
        144719,
        144719,
        144719,
        144719,
        144719,
        144719,
        144719,
        null,
        null,
        1,
        1,
        null,
        null,
        null
      ],
      "/Users/chasedunagan/module1/black_thursday/test/customer_test.rb": [
        1,
        1,
        null,
        1,
        null,
        1,
        1,
        null,
        null,
        null,
        null,
        5,
        null,
        null,
        null,
        null,
        null,
        null,
        null,
        1,
        1,
        null,
        null,
        1,
        1,
        null,
        null,
        1,
        1,
        null,
        null,
        1,
        1,
        null,
        null,
        1,
        1,
        null,
        null
      ],
      "/Users/chasedunagan/module1/black_thursday/test/invoice_item_repository_test.rb": [
        1,
        1,
        1,
        1,
        null,
        null,
        1,
        1,
        null,
        1,
        8,
        null,
        null,
        null,
        null,
        null,
        null,
        null,
        8,
        null,
        null,
        1,
        1,
        1,
        null,
        null,
        1,
        1,
        1,
        null,
        null,
        1,
        1,
        1,
        null,
        null,
        1,
        0,
        null,
        null,
        1,
        1,
        1,
        1,
        null,
        null,
        1,
        1,
        null,
        null,
        1,
        1,
        1,
        1,
        null,
        null,
        1,
        1,
        null,
        null,
        1,
        1,
        null,
        null,
        null
      ],
      "/Users/chasedunagan/module1/black_thursday/test/invoice_item_test.rb": [
        1,
        1,
        1,
        1,
        null,
        1,
        1,
        9,
        null,
        null,
        null,
        null,
        null,
        null,
        null,
        null,
        null,
        1,
        1,
        null,
        null,
        1,
        1,
        null,
        null,
        1,
        1,
        null,
        null,
        1,
        1,
        null,
        null,
        1,
        1,
        null,
        null,
        1,
        1,
        null,
        null,
        1,
        1,
        null,
        null,
        1,
        1,
        null,
        null,
        1,
        1,
        null,
        null,
        null
      ],
      "/Users/chasedunagan/module1/black_thursday/test/invoice_repository_test.rb": [
        1,
        1,
        1,
        1,
        null,
        null,
        1,
        1,
        null,
        1,
        16,
        null,
        null,
        null,
        null,
        null,
        null,
        null,
        16,
        null,
        null,
        1,
        1,
        1,
        null,
        null,
        1,
        1,
        1,
        null,
        null,
        1,
        1,
        null,
        null,
        1,
        1,
        null,
        null,
        1,
        1,
        null,
        null,
        1,
        1,
        null,
        null,
        1,
        1,
        null,
        null,
        1,
        1,
        null,
        null,
        1,
        1,
        null,
        null,
        1,
        1,
        null,
        null,
        1,
        1,
        null,
        null,
        1,
        1,
        null,
        null,
        1,
        1,
        null,
        null,
        1,
        1,
        null,
        null,
        1,
        1,
        null,
        null,
        1,
        1,
        null,
        null
      ],
      "/Users/chasedunagan/module1/black_thursday/test/invoice_test.rb": [
        1,
        1,
        null,
        1,
        null,
        1,
        1,
        13,
        null,
        null,
        null,
        null,
        null,
        null,
        null,
        13,
        null,
        null,
        null,
        null,
        null,
        null,
        null,
        null,
        1,
        1,
        null,
        null,
        1,
        1,
        null,
        null,
        1,
        1,
        null,
        null,
        1,
        1,
        null,
        null,
        1,
        1,
        null,
        null,
        1,
        1,
        null,
        null,
        1,
        1,
        null,
        null,
        1,
        1,
        null,
        null,
        1,
        1,
        null,
        null,
        1,
        1,
        null,
        null,
        1,
        1,
        null,
        null,
        1,
        1,
        1,
        null,
        null,
        1,
        1,
        null,
        null
      ],
      "/Users/chasedunagan/module1/black_thursday/test/item_repository_test.rb": [
        1,
        1,
        1,
        1,
        null,
        null,
        1,
        1,
        null,
        1,
        12,
        null,
        null,
        null,
        null,
        null,
        null,
        null,
        12,
        null,
        null,
        1,
        1,
        1,
        null,
        null,
        1,
        1,
        1,
        null,
        null,
        1,
        1,
        1,
        null,
        null,
        1,
        1,
        1,
        null,
        null,
        1,
        1,
        1,
        null,
        null,
        1,
        1,
        1,
        1,
        1,
        null,
        null,
        1,
        1,
        1,
        1,
        1,
        null,
        null,
        1,
        1,
        1,
        1,
        1,
        null,
        null,
        1,
        1,
        null,
        null,
        1,
        1,
        1,
        1,
        null,
        null,
        null,
        1,
        1,
        null,
        1,
        1,
        null,
        null,
        null
      ],
      "/Users/chasedunagan/module1/black_thursday/test/item_test.rb": [
        1,
        1,
        1,
        null,
        null,
        1,
        1,
        10,
        null,
        null,
        null,
        null,
        null,
        null,
        null,
        null,
        1,
        1,
        null,
        null,
        1,
        1,
        null,
        null,
        1,
        1,
        null,
        null,
        1,
        1,
        null,
        null,
        1,
        1,
        null,
        null,
        1,
        1,
        null,
        null,
        1,
        1,
        null,
        null,
        1,
        1,
        null,
        null,
        1,
        1,
        null,
        null,
        1,
        1,
        null,
        null,
        null
      ],
      "/Users/chasedunagan/module1/black_thursday/test/merchant_repository_test.rb": [
        1,
        1,
        1,
        null,
        1,
        null,
        null,
        1,
        1,
        null,
        1,
        11,
        null,
        null,
        null,
        null,
        null,
        null,
        null,
        11,
        null,
        null,
        1,
        1,
        1,
        null,
        null,
        1,
        1,
        1,
        null,
        null,
        1,
        1,
        null,
        null,
        1,
        1,
        null,
        null,
        1,
        1,
        1,
        null,
        null,
        1,
        1,
        null,
        null,
        1,
        1,
        1,
        1,
        1,
        1,
        null,
        null,
        1,
        1,
        null,
        null,
        1,
        1,
        null,
        null,
        1,
        1,
        null,
        null,
        1,
        1,
        null,
        null
      ],
      "/Users/chasedunagan/module1/black_thursday/test/merchant_test.rb": [
        1,
        1,
        1,
        1,
        null,
        1,
        1,
        8,
        null,
        null,
        null,
        null,
        null,
        null,
        null,
        8,
        null,
        null,
        null,
        null,
        null,
        null,
        1,
        1,
        null,
        null,
        1,
        1,
        null,
        null,
        1,
        1,
        null,
        null,
        1,
        1,
        null,
        null,
        1,
        1,
        null,
        null,
        1,
        1,
        null,
        null,
        1,
        1,
        null,
        null,
        1,
        1,
        null,
        null,
        null,
        null
      ],
      "/Users/chasedunagan/module1/black_thursday/test/sales_analyst_test.rb": [
        1,
        1,
        1,
        1,
        null,
        null,
        1,
        1,
        27,
        null,
        null,
        null,
        null,
        null,
        null,
        null,
        null,
        null,
        1,
        1,
        null,
        null,
        1,
        1,
        null,
        null,
        1,
        1,
        null,
        null,
        1,
        1,
        null,
        null,
        1,
        1,
        null,
        null,
        1,
        1,
        null,
        null,
        1,
        null,
        null,
        null,
        1,
        1,
        null,
        null,
        1,
        1,
        null,
        null,
        1,
        1,
        null,
        1,
        1,
        null,
        null,
        1,
        1,
        null,
        null,
        1,
        1,
        null,
        null,
        1,
        1,
        null,
        null,
        1,
        1,
        null,
        null,
        1,
        1,
        null,
        null,
        1,
        1,
        null,
        null,
        1,
        1,
        null,
        null,
        1,
        1,
        null,
        null,
        1,
        1,
        null,
        null,
        1,
        1,
        null,
        null,
        1,
        1,
        null,
        null,
        1,
        1,
        null,
        null,
        1,
        1,
        null,
        null,
        1,
        1,
        null,
        null,
        1,
        1,
        null,
        null,
        1,
        1,
        null,
        null,
        null
      ],
      "/Users/chasedunagan/module1/black_thursday/lib/sales_analyst.rb": [
        1,
        1,
        1,
        1,
        null,
        1,
        27,
        null,
        null,
        1,
        1,
        null,
        null,
        1,
        1426,
        null,
        null,
        1,
        2376,
        null,
        null,
        1,
        3803,
        null,
        null,
        1,
        1427,
        null,
        null,
        1,
        2394,
        null,
        null,
        1,
        1426,
        null,
        null,
        1,
        2,
        950,
        null,
        2,
        null,
        null,
        1,
        9,
        null,
        null,
        1,
        23,
        null,
        null,
        1,
        1,
        1,
        475,
        null,
        null,
        null,
        1,
        1,
        1,
        null,
        1,
        null,
        null,
        1,
        0,
        0,
        null,
        0,
        null,
        null,
        1,
        19,
        171,
        null,
        19,
        null,
        null,
        1,
        2,
        18,
        null,
        2,
        null,
        null,
        1,
        1,
        1,
        9,
        null,
        null,
        null,
        1,
        2376,
        null,
        null,
        1,
        3,
        1425,
        null,
        3,
        null,
        null,
        1,
        1,
        1,
        475,
        null,
        null,
        null,
        1,
        1,
        1,
        475,
        null,
        null,
        null,
        1,
        5,
        95,
        null,
        null,
        null,
        1,
        4,
        4,
        76,
        null,
        4,
        null,
        null,
        1,
        16,
        null,
        null,
        1,
        2,
        14,
        null,
        2,
        null,
        null,
        1,
        1,
        1,
        1,
        null,
        7,
        1,
        null,
        null,
        1,
        1,
        19,
        null,
        1,
        null,
        null,
        null
      ],
      "/Users/chasedunagan/module1/black_thursday/test/sales_engine_test.rb": [
        1,
        1,
        1,
        null,
        null,
        1,
        1,
        null,
        1,
        16,
        null,
        null,
        null,
        null,
        null,
        null,
        null,
        null,
        null,
        1,
        1,
        1,
        null,
        null,
        1,
        1,
        1,
        null,
        null,
        1,
        1,
        1,
        1,
        1,
        null,
        null,
        1,
        1,
        1,
        1,
        1,
        null,
        null,
        1,
        1,
        null,
        null,
        1,
        1,
        null,
        null,
        1,
        1,
        null,
        1,
        1,
        null,
        null,
        1,
        0,
        null,
        null,
        1,
        1,
        null,
        null,
        1,
        1,
        null,
        null,
        1,
        1,
        null,
        null,
        1,
        0,
        null,
        null,
        1,
        1,
        null,
        null,
        1,
        1,
        1,
        null,
        null,
        1,
        1,
        null,
        null,
        1,
        1,
        null,
        null,
        1,
        1,
        null,
        null,
        null
      ],
      "/Users/chasedunagan/module1/black_thursday/test/test_helper.rb": [
        1,
        1,
        1,
        1
      ],
      "/Users/chasedunagan/module1/black_thursday/test/transaction_repository_test.rb": [
        1,
        1,
        1,
        1,
        null,
        null,
        1,
        1,
        null,
        1,
        9,
        null,
        null,
        null,
        null,
        null,
        null,
        null,
        9,
        null,
        null,
        1,
        1,
        1,
        null,
        null,
        1,
        1,
        1,
        null,
        null,
        1,
        1,
        null,
        null,
        1,
        1,
        1,
        1,
        null,
        null,
        1,
        1,
        null,
        null,
        1,
        1,
        1,
        1,
        null,
        null,
        1,
        1,
        null,
        null,
        1,
        1,
        1,
        1,
        null,
        null,
        1,
        1,
        null,
        null,
        null
      ],
      "/Users/chasedunagan/module1/black_thursday/test/transaction_test.rb": [
        1,
        1,
        1,
        null,
        1,
        1,
        10,
        null,
        null,
        null,
        null,
        null,
        null,
        null,
        null,
        10,
        null,
        null,
        null,
        null,
        null,
        null,
        null,
        null,
        null,
        1,
        1,
        null,
        null,
        1,
        1,
        null,
        null,
        1,
        1,
        null,
        null,
        1,
        1,
        null,
        null,
        1,
        1,
        null,
        null,
        1,
        1,
        null,
        null,
        1,
        1,
        null,
        null,
        1,
        1,
        null,
        null,
        1,
        1,
        null,
        null,
        1,
        1,
        null,
        null,
        null,
        null
      ]
    },
    "timestamp": 1470146259
  },
  "Unit Tests": {
    "coverage": {
      "/Users/chasedunagan/module1/black_thursday/lib/invoice.rb": [
        1,
        1,
        null,
        1,
        null,
        1,
        null,
        null,
        null,
        null,
        null,
        null,
        null,
        1,
        260,
        260,
        260,
        260,
        260,
        260,
        260,
        null,
        1,
        0,
        null,
        null,
        1,
        1,
        null,
        null,
        1,
        5,
        null,
        null,
        1,
        0,
        null,
        null,
        1,
        2,
        0,
        null,
        4,
        null,
        null,
        null,
        1,
        3,
        null,
        null,
        null,
        null,
        1,
        1,
        1,
        4,
        null,
        null,
        null,
        null,
        null,
        null,
        null,
        null,
        null
      ],
      "/Users/chasedunagan/module1/black_thursday/lib/sales_engine.rb": [
        1,
        1,
        1,
        1,
        1,
        1,
        1,
        1,
        null,
        1,
        null,
        1,
        null,
        null,
        null,
        null,
        null,
        null,
        1,
        13,
        13,
        13,
        13,
        13,
        13,
        null,
        null,
        null,
        1,
        13,
        null,
        null,
        1,
        0,
        null,
        null,
        1,
        0,
        null,
        null,
        1,
        0,
        0,
        0,
        null,
        null,
        null,
        1,
        1,
        null,
        null,
        1,
        1,
        1,
        8,
        null,
        null,
        null,
        1,
        3,
        null,
        null,
        1,
        5,
        null,
        null,
        1,
        0,
        null,
        null,
        1,
        0,
        null,
        null,
        1,
        0,
        null,
        null,
        1,
        0,
        0,
        null,
        null,
        null,
        1,
        0,
        null,
        null,
        1,
        0,
        null,
        null,
        1,
        0,
        null,
        null,
        1,
        0,
        null,
        null,
        1,
        0,
        null,
        null,
        1,
        0,
        null,
        null,
        null,
        null
      ],
      "/Users/chasedunagan/module1/black_thursday/lib/item_repository.rb": [
        1,
        1,
        1,
        null,
        1,
        1,
        null,
        1,
        13,
        13,
        13,
        13,
        null,
        null,
        1,
        13,
        null,
        null,
        1,
        13,
        117,
        null,
        null,
        null,
        1,
        8,
        64,
        null,
        null,
        null,
        1,
        0,
        0,
        null,
        null,
        null,
        1,
        0,
        0,
        null,
        null,
        null,
        1,
        0,
        0,
        null,
        null,
        null,
        1,
        0,
        0,
        null,
        null,
        null,
        1,
        0,
        0,
        null,
        null,
        1,
        0,
        null,
        1,
        0,
        null,
        null,
        1,
        null,
        null
      ],
      "/Users/chasedunagan/module1/black_thursday/lib/item.rb": [
        1,
        1,
        1,
        null,
        1,
        1,
        null,
        null,
        null,
        null,
        null,
        null,
        null,
        1,
        117,
        117,
        117,
        117,
        117,
        117,
        117,
        117,
        null,
        null,
        1,
        0,
        null,
        null,
        1,
        0,
        null,
        null
      ],
      "/Users/chasedunagan/module1/black_thursday/lib/merchant_repository.rb": [
        1,
        1,
        1,
        1,
        null,
        1,
        1,
        null,
        1,
        13,
        13,
        13,
        13,
        null,
        null,
        1,
        13,
        null,
        null,
        1,
        13,
        6175,
        null,
        null,
        null,
        1,
        1,
        340,
        null,
        null,
        null,
        1,
        0,
        0,
        null,
        null,
        null,
        1,
        0,
        0,
        null,
        null,
        null,
        1,
        0,
        null,
        null,
        1,
        0,
        null,
        null,
        1,
        0,
        null,
        null,
        null,
        1,
        0,
        null,
        null,
        null,
        1,
        null,
        null,
        null,
        null,
        null,
        null
      ],
      "/Users/chasedunagan/module1/black_thursday/lib/merchant.rb": [
        1,
        1,
        null,
        1,
        null,
        1,
        null,
        null,
        null,
        null,
        null,
        1,
        6175,
        6175,
        6175,
        6175,
        6175,
        null,
        null,
        1,
        0,
        null,
        null,
        1,
        0,
        null,
        null,
        1,
        0,
        null,
        null
      ],
      "/Users/chasedunagan/module1/black_thursday/lib/invoice_repository.rb": [
        null,
        1,
        1,
        1,
        null,
        1,
        1,
        null,
        1,
        13,
        13,
        13,
        13,
        null,
        null,
        1,
        13,
        null,
        null,
        1,
        13,
        247,
        null,
        null,
        null,
        1,
        6,
        28,
        null,
        null,
        null,
        1,
        0,
        0,
        null,
        null,
        null,
        1,
        0,
        0,
        null,
        null,
        null,
        1,
        0,
        0,
        null,
        null,
        null,
        1,
        1,
        null,
        null,
        1,
        1,
        null,
        null,
        1,
        3,
        null,
        null,
        1,
        5,
        null,
        null,
        1,
        0,
        null,
        null,
        1,
        0,
        0,
        null,
        null,
        null,
        null,
        1,
        null,
        null,
        null,
        null,
        null
      ],
      "/Users/chasedunagan/module1/black_thursday/lib/transactions_repository.rb": [
        1,
        1,
        1,
        null,
        1,
        1,
        null,
        1,
        13,
        13,
        13,
        13,
        null,
        null,
        1,
        13,
        null,
        null,
        1,
        13,
        12987,
        null,
        null,
        null,
        1,
        0,
        0,
        null,
        null,
        null,
        1,
        5,
        4995,
        null,
        null,
        null,
        1,
        0,
        0,
        null,
        null,
        null,
        1,
        0,
        0,
        null,
        null,
        null,
        1,
        0,
        null,
        null,
        1,
        null,
        null
      ],
      "/Users/chasedunagan/module1/black_thursday/lib/transaction.rb": [
        1,
        1,
        1,
        null,
        1,
        1,
        null,
        null,
        null,
        null,
        null,
        null,
        null,
        null,
        1,
        12987,
        12987,
        12987,
        12987,
        12987,
        12987,
        12987,
        12987,
        null,
        null,
        1,
        0,
        null,
        null
      ],
      "/Users/chasedunagan/module1/black_thursday/lib/invoice_item_repository.rb": [
        1,
        1,
        1,
        null,
        1,
        1,
        null,
        1,
        13,
        13,
        13,
        13,
        null,
        null,
        1,
        13,
        null,
        null,
        1,
        13,
        12974,
        null,
        null,
        null,
        1,
        0,
        0,
        null,
        null,
        null,
        1,
        0,
        0,
        null,
        null,
        null,
        1,
        0,
        0,
        null,
        null,
        null,
        null,
        1,
        4,
        3992,
        null,
        null,
        null,
        null,
        null,
        null,
        null,
        1,
        null,
        null
      ],
      "/Users/chasedunagan/module1/black_thursday/lib/invoice_item.rb": [
        1,
        1,
        1,
        null,
        1,
        1,
        null,
        null,
        null,
        null,
        null,
        null,
        null,
        null,
        1,
        12974,
        12974,
        12974,
        12974,
        12974,
        12974,
        12974,
        12974,
        null,
        null,
        1,
        0,
        null,
        null,
        null
      ],
      "/Users/chasedunagan/module1/black_thursday/lib/customer_repository.rb": [
        1,
        null,
        1,
        1,
        null,
        1,
        1,
        null,
        1,
        13,
        13,
        13,
        13,
        null,
        null,
        1,
        13,
        null,
        null,
        1,
        13,
        6500,
        null,
        null,
        null,
        1,
        1,
        2,
        null,
        null,
        null,
        1,
        0,
        0,
        null,
        null,
        null,
        1,
        0,
        0,
        null,
        null,
        null,
        1,
        0,
        null,
        null,
        1,
        null,
        null,
        null
      ],
      "/Users/chasedunagan/module1/black_thursday/lib/customer.rb": [
        1,
        1,
        null,
        1,
        null,
        1,
        null,
        null,
        null,
        null,
        null,
        null,
        1,
        6500,
        6500,
        6500,
        6500,
        6500,
        6500,
        null,
        null,
        1,
        0,
        null,
        null,
        null
      ]
    },
    "timestamp": 1470103193
  }
}
