{
  "RSpec": {
    "coverage": {
      "/Users/vidoseaver/Desktop/mod1/project/black_thursday/lib/customer_repository.rb": [
        1,
        null,
        1,
        1,
        null,
        1,
        1,
        null,
        1,
        139,
        139,
        139,
        139,
        null,
        null,
        1,
        139,
        null,
        null,
        1,
        139,
        69500,
        null,
        null,
        null,
        1,
        7,
        508,
        null,
        null,
        null,
        1,
        6,
        3000,
        null,
        null,
        null,
        1,
        6,
        3000,
        null,
        null,
        null,
        1,
        1,
        null,
        null,
        1,
        null,
        null,
        null
      ],
      "/Users/vidoseaver/Desktop/mod1/project/black_thursday/lib/customer.rb": [
        1,
        1,
        null,
        1,
        null,
        1,
        null,
        null,
        null,
        null,
        null,
        null,
        1,
        69505,
        69505,
        69505,
        69505,
        69505,
        69505,
        null,
        null,
        1,
        1,
        null,
        null,
        null
      ],
      "/Users/vidoseaver/Desktop/mod1/project/black_thursday/lib/sales_engine.rb": [
        1,
        1,
        1,
        1,
        1,
        1,
        1,
        1,
        null,
        1,
        null,
        1,
        null,
        null,
        null,
        null,
        null,
        null,
        1,
        132,
        132,
        132,
        132,
        132,
        132,
        null,
        null,
        null,
        1,
        105,
        null,
        null,
        1,
        1430,
        null,
        null,
        1,
        2380,
        null,
        null,
        1,
        1,
        1,
        8,
        null,
        null,
        null,
        1,
        5,
        null,
        null,
        1,
        2,
        2,
        16,
        null,
        null,
        null,
        1,
        2,
        null,
        null,
        1,
        1,
        null,
        null,
        1,
        3,
        null,
        null,
        1,
        2,
        null,
        null,
        1,
        2,
        2,
        null,
        null,
        null,
        1,
        3805,
        null,
        null,
        1,
        1428,
        null,
        null,
        1,
        2394,
        null,
        null,
        1,
        9,
        null,
        null,
        1,
        24,
        null,
        null,
        1,
        7,
        null,
        null,
        null,
        null
      ],
      "/Users/vidoseaver/Desktop/mod1/project/black_thursday/lib/item_repository.rb": [
        1,
        1,
        1,
        null,
        1,
        1,
        null,
        1,
        144,
        144,
        144,
        144,
        null,
        null,
        1,
        144,
        null,
        null,
        1,
        144,
        1296,
        null,
        null,
        null,
        1,
        22,
        154,
        null,
        null,
        null,
        1,
        5,
        27,
        null,
        null,
        null,
        1,
        4,
        36,
        null,
        null,
        null,
        1,
        4,
        36,
        null,
        null,
        null,
        1,
        4,
        36,
        null,
        null,
        null,
        1,
        1434,
        12906,
        null,
        null,
        1,
        2,
        null,
        1,
        0,
        null,
        null,
        1,
        null,
        null
      ],
      "/Users/vidoseaver/Desktop/mod1/project/black_thursday/lib/item.rb": [
        1,
        1,
        1,
        null,
        1,
        1,
        null,
        null,
        null,
        null,
        null,
        null,
        null,
        1,
        1306,
        1306,
        1306,
        1306,
        1306,
        1306,
        1306,
        1306,
        null,
        null,
        1,
        49,
        null,
        null,
        1,
        2,
        null,
        null
      ],
      "/Users/vidoseaver/Desktop/mod1/project/black_thursday/lib/merchant_repository.rb": [
        1,
        1,
        1,
        1,
        null,
        1,
        1,
        null,
        1,
        143,
        143,
        143,
        143,
        null,
        null,
        1,
        143,
        null,
        null,
        1,
        143,
        67925,
        null,
        null,
        null,
        1,
        17,
        3572,
        null,
        null,
        null,
        1,
        4,
        820,
        null,
        null,
        null,
        1,
        6,
        2850,
        null,
        null,
        null,
        1,
        2,
        null,
        null,
        1,
        3,
        null,
        null,
        1,
        1,
        null,
        null,
        null,
        1,
        0,
        null,
        null,
        null,
        1,
        null,
        null,
        null,
        null,
        null,
        null
      ],
      "/Users/vidoseaver/Desktop/mod1/project/black_thursday/lib/merchant.rb": [
        1,
        1,
        null,
        1,
        null,
        1,
        null,
        null,
        null,
        null,
        null,
        1,
        67933,
        67933,
        67933,
        67933,
        67933,
        null,
        null,
        1,
        1,
        null,
        null,
        1,
        1,
        null,
        null,
        1,
        1,
        null,
        null
      ],
      "/Users/vidoseaver/Desktop/mod1/project/black_thursday/lib/invoice_repository.rb": [
        null,
        1,
        1,
        1,
        null,
        1,
        1,
        null,
        1,
        147,
        147,
        147,
        147,
        null,
        null,
        1,
        147,
        null,
        null,
        1,
        147,
        2793,
        null,
        null,
        null,
        1,
        8,
        87,
        null,
        null,
        null,
        1,
        2,
        38,
        null,
        null,
        null,
        1,
        2382,
        45258,
        null,
        null,
        null,
        1,
        2,
        38,
        null,
        null,
        null,
        1,
        2,
        null,
        null,
        1,
        2,
        null,
        null,
        1,
        2,
        null,
        null,
        1,
        1,
        null,
        null,
        1,
        3,
        57,
        null,
        null,
        null,
        null,
        1,
        null,
        null,
        null,
        null,
        null
      ],
      "/Users/vidoseaver/Desktop/mod1/project/black_thursday/lib/invoice.rb": [
        1,
        1,
        null,
        1,
        null,
        1,
        null,
        null,
        null,
        null,
        null,
        null,
        null,
        1,
        2803,
        2803,
        2803,
        2803,
        2803,
        2803,
        2803,
        null,
        1,
        0,
        null,
        null,
        1,
        1,
        null,
        null,
        1,
        1,
        null,
        null,
        1,
        0,
        null,
        null,
        null,
        null,
        null
      ],
      "/Users/vidoseaver/Desktop/mod1/project/black_thursday/lib/transactions_repository.rb": [
        1,
        1,
        1,
        null,
        1,
        1,
        null,
        1,
        141,
        141,
        141,
        141,
        null,
        null,
        1,
        141,
        null,
        null,
        1,
        141,
        140859,
        null,
        null,
        null,
        1,
        4,
        82,
        null,
        null,
        null,
        1,
        6,
        5994,
        null,
        null,
        null,
        1,
        4,
        3996,
        null,
        null,
        null,
        1,
        4,
        3996,
        null,
        null,
        null,
        1,
        2,
        null,
        1,
        null,
        null
      ],
      "/Users/vidoseaver/Desktop/mod1/project/black_thursday/lib/transaction.rb": [
        1,
        1,
        1,
        null,
        1,
        1,
        null,
        null,
        null,
        null,
        null,
        null,
        null,
        null,
        1,
        140869,
        140869,
        140869,
        140869,
        140869,
        140869,
        140869,
        140869,
        null,
        null,
        1,
        2,
        null,
        null
      ],
      "/Users/vidoseaver/Desktop/mod1/project/black_thursday/lib/invoice_item_repository.rb": [
        1,
        1,
        1,
        null,
        1,
        1,
        null,
        1,
        140,
        140,
        140,
        140,
        null,
        null,
        1,
        140,
        null,
        null,
        1,
        140,
        139720,
        null,
        null,
        null,
        1,
        4,
        1998,
        null,
        null,
        null,
        1,
        0,
        0,
        null,
        null,
        null,
        1,
        3,
        2994,
        null,
        null,
        null,
        null,
        1,
        6,
        5988,
        null,
        null,
        null,
        null,
        null,
        null,
        null,
        1,
        null,
        null
      ],
      "/Users/vidoseaver/Desktop/mod1/project/black_thursday/lib/invoice_item.rb": [
        1,
        1,
        1,
        null,
        1,
        1,
        null,
        null,
        null,
        null,
        null,
        null,
        null,
        null,
        1,
        139729,
        139729,
        139729,
        139729,
        139729,
        139729,
        139729,
        139729,
        null,
        null,
        1,
        1,
        null,
        null,
        null
      ],
      "/Users/vidoseaver/Desktop/mod1/project/black_thursday/test/customer_test.rb": [
        1,
        1,
        null,
        1,
        null,
        1,
        1,
        null,
        null,
        null,
        null,
        5,
        null,
        null,
        null,
        null,
        null,
        null,
        null,
        1,
        1,
        null,
        null,
        1,
        1,
        null,
        null,
        1,
        1,
        null,
        null,
        1,
        1,
        null,
        null,
        1,
        1,
        null,
        null
      ],
      "/Users/vidoseaver/Desktop/mod1/project/black_thursday/test/invoice_item_repository_test.rb": [
        1,
        1,
        1,
        1,
        null,
        null,
        1,
        1,
        null,
        1,
        8,
        null,
        null,
        null,
        null,
        null,
        null,
        null,
        8,
        null,
        null,
        1,
        1,
        1,
        null,
        null,
        1,
        1,
        1,
        null,
        null,
        1,
        1,
        1,
        null,
        null,
        1,
        0,
        null,
        null,
        1,
        1,
        1,
        1,
        null,
        null,
        1,
        1,
        null,
        null,
        1,
        1,
        1,
        1,
        null,
        null,
        1,
        1,
        null,
        null,
        1,
        1,
        null,
        null,
        null
      ],
      "/Users/vidoseaver/Desktop/mod1/project/black_thursday/test/invoice_item_test.rb": [
        1,
        1,
        1,
        1,
        null,
        1,
        1,
        9,
        null,
        null,
        null,
        null,
        null,
        null,
        null,
        null,
        null,
        1,
        1,
        null,
        null,
        1,
        1,
        null,
        null,
        1,
        1,
        null,
        null,
        1,
        1,
        null,
        null,
        1,
        1,
        null,
        null,
        1,
        1,
        null,
        null,
        1,
        1,
        null,
        null,
        1,
        1,
        null,
        null,
        1,
        1,
        null,
        null,
        null
      ],
      "/Users/vidoseaver/Desktop/mod1/project/black_thursday/test/invoice_repository_test.rb": [
        1,
        1,
        1,
        1,
        null,
        null,
        1,
        1,
        null,
        1,
        15,
        null,
        null,
        null,
        null,
        null,
        null,
        null,
        15,
        null,
        null,
        1,
        1,
        1,
        null,
        null,
        1,
        1,
        1,
        null,
        null,
        1,
        1,
        null,
        null,
        1,
        1,
        null,
        null,
        1,
        1,
        null,
        null,
        1,
        1,
        null,
        null,
        1,
        1,
        null,
        null,
        1,
        1,
        null,
        null,
        1,
        1,
        null,
        null,
        1,
        1,
        null,
        null,
        1,
        1,
        null,
        null,
        1,
        1,
        null,
        null,
        1,
        1,
        null,
        null,
        1,
        1,
        null,
        null,
        1,
        1,
        null,
        null,
        null,
        null
      ],
      "/Users/vidoseaver/Desktop/mod1/project/black_thursday/test/invoice_test.rb": [
        1,
        1,
        null,
        1,
        null,
        1,
        1,
        10,
        null,
        null,
        null,
        null,
        null,
        null,
        null,
        10,
        null,
        null,
        null,
        null,
        null,
        null,
        null,
        null,
        1,
        1,
        null,
        null,
        1,
        1,
        null,
        null,
        1,
        1,
        null,
        null,
        1,
        1,
        null,
        null,
        1,
        1,
        null,
        null,
        1,
        1,
        null,
        null,
        1,
        1,
        null,
        null,
        1,
        1,
        null,
        1,
        1,
        null,
        1,
        1,
        null,
        null
      ],
      "/Users/vidoseaver/Desktop/mod1/project/black_thursday/test/item_repository_test.rb": [
        1,
        1,
        1,
        1,
        null,
        null,
        1,
        1,
        null,
        1,
        12,
        null,
        null,
        null,
        null,
        null,
        null,
        null,
        12,
        null,
        null,
        1,
        1,
        1,
        null,
        null,
        1,
        1,
        1,
        null,
        null,
        1,
        1,
        1,
        null,
        null,
        1,
        1,
        1,
        null,
        null,
        1,
        1,
        1,
        null,
        null,
        1,
        1,
        1,
        1,
        1,
        null,
        null,
        1,
        1,
        1,
        1,
        1,
        null,
        null,
        1,
        1,
        1,
        1,
        1,
        null,
        null,
        1,
        1,
        null,
        null,
        1,
        1,
        1,
        1,
        null,
        null,
        null,
        1,
        1,
        null,
        1,
        1,
        null,
        null,
        null
      ],
      "/Users/vidoseaver/Desktop/mod1/project/black_thursday/test/item_test.rb": [
        1,
        1,
        1,
        null,
        null,
        1,
        1,
        10,
        null,
        null,
        null,
        null,
        null,
        null,
        null,
        null,
        1,
        1,
        null,
        null,
        1,
        1,
        null,
        null,
        1,
        1,
        null,
        null,
        1,
        1,
        null,
        null,
        1,
        1,
        null,
        null,
        1,
        1,
        null,
        null,
        1,
        1,
        null,
        null,
        1,
        1,
        null,
        null,
        1,
        1,
        null,
        null,
        1,
        1,
        null,
        null,
        null
      ],
      "/Users/vidoseaver/Desktop/mod1/project/black_thursday/test/merchant_repository_test.rb": [
        1,
        1,
        1,
        null,
        1,
        null,
        null,
        1,
        1,
        null,
        1,
        11,
        null,
        null,
        null,
        null,
        null,
        null,
        null,
        11,
        null,
        null,
        1,
        1,
        1,
        null,
        null,
        1,
        1,
        1,
        null,
        null,
        1,
        1,
        null,
        null,
        1,
        1,
        null,
        null,
        1,
        1,
        1,
        null,
        null,
        1,
        1,
        null,
        null,
        1,
        1,
        1,
        1,
        1,
        1,
        null,
        null,
        1,
        1,
        null,
        null,
        1,
        1,
        null,
        null,
        1,
        1,
        null,
        null,
        1,
        1,
        null,
        null
      ],
      "/Users/vidoseaver/Desktop/mod1/project/black_thursday/test/merchant_test.rb": [
        1,
        1,
        1,
        1,
        null,
        1,
        1,
        8,
        null,
        null,
        null,
        null,
        null,
        null,
        null,
        8,
        null,
        null,
        null,
        null,
        null,
        null,
        1,
        1,
        null,
        null,
        1,
        1,
        null,
        null,
        1,
        1,
        null,
        null,
        1,
        1,
        null,
        null,
        1,
        1,
        null,
        null,
        1,
        1,
        null,
        null,
        1,
        1,
        null,
        null,
        1,
        1,
        null,
        null,
        null,
        null
      ],
      "/Users/vidoseaver/Desktop/mod1/project/black_thursday/test/sales_analyst_test.rb": [
        1,
        1,
        1,
        1,
        null,
        null,
        1,
        1,
        27,
        null,
        null,
        null,
        null,
        null,
        null,
        null,
        null,
        null,
        1,
        1,
        null,
        null,
        1,
        1,
        null,
        null,
        1,
        1,
        null,
        null,
        1,
        1,
        null,
        null,
        1,
        1,
        null,
        null,
        1,
        1,
        null,
        null,
        1,
        null,
        null,
        null,
        1,
        1,
        null,
        null,
        1,
        1,
        null,
        null,
        1,
        1,
        null,
        1,
        1,
        null,
        null,
        1,
        1,
        null,
        null,
        1,
        1,
        null,
        null,
        1,
        1,
        null,
        null,
        1,
        1,
        null,
        null,
        1,
        1,
        null,
        null,
        1,
        1,
        null,
        null,
        1,
        1,
        null,
        null,
        1,
        1,
        null,
        null,
        1,
        1,
        null,
        null,
        1,
        1,
        null,
        null,
        1,
        1,
        null,
        null,
        1,
        1,
        null,
        null,
        1,
        1,
        null,
        null,
        1,
        1,
        null,
        null,
        1,
        1,
        null,
        null,
        1,
        1,
        null,
        null,
        null
      ],
      "/Users/vidoseaver/Desktop/mod1/project/black_thursday/lib/sales_analyst.rb": [
        1,
        1,
        1,
        1,
        null,
        1,
        27,
        null,
        null,
        1,
        1,
        null,
        null,
        1,
        1426,
        null,
        null,
        1,
        2376,
        null,
        null,
        1,
        3803,
        null,
        null,
        1,
        1427,
        null,
        null,
        1,
        2394,
        null,
        null,
        1,
        1426,
        null,
        null,
        1,
        2,
        950,
        null,
        2,
        null,
        null,
        1,
        9,
        null,
        null,
        1,
        23,
        null,
        null,
        1,
        1,
        1,
        475,
        null,
        null,
        null,
        1,
        1,
        1,
        null,
        1,
        null,
        null,
        1,
        0,
        0,
        null,
        0,
        null,
        null,
        1,
        19,
        171,
        null,
        19,
        null,
        null,
        1,
        2,
        18,
        null,
        2,
        null,
        null,
        1,
        1,
        1,
        9,
        null,
        null,
        null,
        1,
        2376,
        null,
        null,
        1,
        3,
        1425,
        null,
        3,
        null,
        null,
        1,
        1,
        1,
        475,
        null,
        null,
        null,
        1,
        1,
        1,
        475,
        null,
        null,
        null,
        1,
        5,
        95,
        null,
        null,
        null,
        1,
        4,
        4,
        76,
        null,
        4,
        null,
        null,
        1,
        16,
        null,
        null,
        1,
        2,
        14,
        null,
        2,
        null,
        null,
        1,
        1,
        1,
        1,
        null,
        7,
        1,
        null,
        null,
        1,
        1,
        19,
        null,
        1,
        null,
        null,
        null
      ],
      "/Users/vidoseaver/Desktop/mod1/project/black_thursday/test/sales_engine_test.rb": [
        1,
        1,
        1,
        null,
        null,
        1,
        1,
        null,
        1,
        15,
        null,
        null,
        null,
        null,
        null,
        null,
        null,
        null,
        null,
        1,
        1,
        1,
        null,
        null,
        1,
        1,
        1,
        null,
        null,
        1,
        1,
        1,
        1,
        1,
        null,
        null,
        1,
        1,
        1,
        1,
        1,
        null,
        null,
        1,
        1,
        null,
        null,
        1,
        1,
        null,
        null,
        1,
        1,
        null,
        1,
        1,
        null,
        null,
        1,
        0,
        null,
        null,
        1,
        1,
        null,
        null,
        1,
        1,
        null,
        null,
        1,
        1,
        null,
        null,
        1,
        0,
        null,
        null,
        1,
        1,
        null,
        null,
        1,
        1,
        1,
        null,
        null,
        1,
        1,
        null,
        null,
        1,
        1,
        null,
        null,
        null
      ],
      "/Users/vidoseaver/Desktop/mod1/project/black_thursday/test/test_helper.rb": [
        1,
        1,
        1,
        1
      ],
      "/Users/vidoseaver/Desktop/mod1/project/black_thursday/test/transaction_repository_test.rb": [
        1,
        1,
        1,
        1,
        null,
        null,
        1,
        1,
        null,
        1,
        9,
        null,
        null,
        null,
        null,
        null,
        null,
        null,
        9,
        null,
        null,
        1,
        1,
        1,
        null,
        null,
        1,
        1,
        1,
        null,
        null,
        1,
        1,
        null,
        null,
        1,
        1,
        1,
        1,
        null,
        null,
        1,
        1,
        null,
        null,
        1,
        1,
        1,
        1,
        null,
        null,
        1,
        1,
        null,
        null,
        1,
        1,
        1,
        1,
        null,
        null,
        1,
        1,
        null,
        null,
        null
      ],
      "/Users/vidoseaver/Desktop/mod1/project/black_thursday/test/transaction_test.rb": [
        1,
        1,
        1,
        null,
        1,
        1,
        10,
        null,
        null,
        null,
        null,
        null,
        null,
        null,
        null,
        10,
        null,
        null,
        null,
        null,
        null,
        null,
        null,
        null,
        null,
        1,
        1,
        null,
        null,
        1,
        1,
        null,
        null,
        1,
        1,
        null,
        null,
        1,
        1,
        null,
        null,
        1,
        1,
        null,
        null,
        1,
        1,
        null,
        null,
        1,
        1,
        null,
        null,
        1,
        1,
        null,
        null,
        1,
        1,
        null,
        null,
        1,
        1,
        null,
        null,
        null,
        null
      ]
    },
    "timestamp": 1470096697
  },
  "Unit Tests": {
    "coverage": {
      "/Users/vidoseaver/Desktop/mod1/project/black_thursday/lib/sales_engine.rb": [
        1,
        1,
        1,
        1,
        1,
        1,
        1,
        1,
        null,
        1,
        null,
        1,
        null,
        null,
        null,
        null,
        null,
        null,
        1,
        15,
        15,
        15,
        15,
        15,
        15,
        null,
        null,
        null,
        1,
        15,
        null,
        null,
        1,
        1,
        null,
        null,
        1,
        1,
        null,
        null,
        1,
        1,
        1,
        8,
        null,
        null,
        null,
        1,
        1,
        null,
        null,
        1,
        0,
        0,
        0,
        null,
        null,
        null,
        1,
        0,
        null,
        null,
        1,
        0,
        null,
        null,
        1,
        1,
        null,
        null,
        1,
        2,
        null,
        null,
        1,
        1,
        1,
        null,
        null,
        null,
        1,
        1,
        null,
        null,
        1,
        1,
        null,
        null,
        1,
        0,
        null,
        null,
        1,
        0,
        null,
        null,
        1,
        1,
        null,
        null,
        1,
        1,
        null,
        null,
        null,
        null
      ],
      "/Users/vidoseaver/Desktop/mod1/project/black_thursday/lib/item_repository.rb": [
        1,
        1,
        1,
        null,
        1,
        1,
        null,
        1,
        15,
        15,
        15,
        15,
        null,
        null,
        1,
        15,
        null,
        null,
        1,
        15,
        135,
        null,
        null,
        null,
        1,
        0,
        0,
        null,
        null,
        null,
        1,
        1,
        3,
        null,
        null,
        null,
        1,
        0,
        0,
        null,
        null,
        null,
        1,
        0,
        0,
        null,
        null,
        null,
        1,
        0,
        0,
        null,
        null,
        null,
        1,
        1,
        9,
        null,
        null,
        1,
        0,
        null,
        1,
        0,
        null,
        null,
        1,
        null,
        null
      ],
      "/Users/vidoseaver/Desktop/mod1/project/black_thursday/lib/item.rb": [
        1,
        1,
        1,
        null,
        1,
        1,
        null,
        null,
        null,
        null,
        null,
        null,
        null,
        1,
        135,
        135,
        135,
        135,
        135,
        135,
        135,
        135,
        null,
        null,
        1,
        0,
        null,
        null,
        1,
        0,
        null,
        null
      ],
      "/Users/vidoseaver/Desktop/mod1/project/black_thursday/lib/merchant_repository.rb": [
        1,
        1,
        1,
        1,
        null,
        1,
        1,
        null,
        1,
        15,
        15,
        15,
        15,
        null,
        null,
        1,
        15,
        null,
        null,
        1,
        15,
        7125,
        null,
        null,
        null,
        1,
        9,
        1817,
        null,
        null,
        null,
        1,
        1,
        341,
        null,
        null,
        null,
        1,
        0,
        0,
        null,
        null,
        null,
        1,
        0,
        null,
        null,
        1,
        0,
        null,
        null,
        1,
        0,
        null,
        null,
        null,
        1,
        0,
        null,
        null,
        null,
        1,
        null,
        null,
        null,
        null,
        null,
        null
      ],
      "/Users/vidoseaver/Desktop/mod1/project/black_thursday/lib/merchant.rb": [
        1,
        1,
        null,
        1,
        null,
        1,
        null,
        null,
        null,
        null,
        null,
        1,
        7125,
        7125,
        7125,
        7125,
        7125,
        null,
        null,
        1,
        0,
        null,
        null,
        1,
        0,
        null,
        null,
        1,
        0,
        null,
        null
      ],
      "/Users/vidoseaver/Desktop/mod1/project/black_thursday/lib/invoice_repository.rb": [
        null,
        1,
        1,
        1,
        null,
        1,
        1,
        null,
        1,
        15,
        15,
        15,
        15,
        null,
        null,
        1,
        15,
        null,
        null,
        1,
        15,
        285,
        null,
        null,
        null,
        1,
        2,
        15,
        null,
        null,
        null,
        1,
        0,
        0,
        null,
        null,
        null,
        1,
        1,
        19,
        null,
        null,
        null,
        1,
        0,
        0,
        null,
        null,
        null,
        1,
        0,
        null,
        null,
        1,
        0,
        null,
        null,
        1,
        0,
        null,
        null,
        1,
        0,
        null,
        null,
        1,
        2,
        38,
        null,
        null,
        null,
        null,
        1,
        null,
        null,
        null,
        null,
        null
      ],
      "/Users/vidoseaver/Desktop/mod1/project/black_thursday/lib/invoice.rb": [
        1,
        1,
        null,
        1,
        null,
        1,
        null,
        null,
        null,
        null,
        null,
        null,
        null,
        1,
        285,
        285,
        285,
        285,
        285,
        285,
        285,
        null,
        1,
        0,
        null,
        null,
        1,
        0,
        null,
        null,
        1,
        0,
        null,
        null,
        1,
        0,
        null,
        null,
        null,
        null,
        null
      ],
      "/Users/vidoseaver/Desktop/mod1/project/black_thursday/lib/transactions_repository.rb": [
        1,
        1,
        1,
        null,
        1,
        1,
        null,
        1,
        15,
        15,
        15,
        15,
        null,
        null,
        1,
        15,
        null,
        null,
        1,
        15,
        14985,
        null,
        null,
        null,
        1,
        0,
        0,
        null,
        null,
        null,
        1,
        0,
        0,
        null,
        null,
        null,
        1,
        0,
        0,
        null,
        null,
        null,
        1,
        0,
        0,
        null,
        null,
        null,
        1,
        0,
        null,
        1,
        null,
        null
      ],
      "/Users/vidoseaver/Desktop/mod1/project/black_thursday/lib/transaction.rb": [
        1,
        1,
        1,
        null,
        1,
        1,
        null,
        null,
        null,
        null,
        null,
        null,
        null,
        null,
        1,
        14985,
        14985,
        14985,
        14985,
        14985,
        14985,
        14985,
        14985,
        null,
        null,
        1,
        0,
        null,
        null
      ],
      "/Users/vidoseaver/Desktop/mod1/project/black_thursday/lib/invoice_item_repository.rb": [
        1,
        1,
        1,
        null,
        1,
        1,
        null,
        1,
        15,
        15,
        15,
        15,
        null,
        null,
        1,
        15,
        null,
        null,
        1,
        15,
        14970,
        null,
        null,
        null,
        1,
        0,
        0,
        null,
        null,
        null,
        1,
        0,
        0,
        null,
        null,
        null,
        1,
        0,
        0,
        null,
        null,
        null,
        null,
        1,
        0,
        0,
        null,
        null,
        null,
        null,
        null,
        null,
        null,
        1,
        null,
        null
      ],
      "/Users/vidoseaver/Desktop/mod1/project/black_thursday/lib/invoice_item.rb": [
        1,
        1,
        1,
        null,
        1,
        1,
        null,
        null,
        null,
        null,
        null,
        null,
        null,
        null,
        1,
        14970,
        14970,
        14970,
        14970,
        14970,
        14970,
        14970,
        14970,
        null,
        null,
        1,
        0,
        null,
        null,
        null
      ],
      "/Users/vidoseaver/Desktop/mod1/project/black_thursday/lib/customer_repository.rb": [
        1,
        null,
        1,
        1,
        null,
        1,
        1,
        null,
        1,
        15,
        15,
        15,
        15,
        null,
        null,
        1,
        15,
        null,
        null,
        1,
        15,
        7500,
        null,
        null,
        null,
        1,
        2,
        2,
        null,
        null,
        null,
        1,
        0,
        0,
        null,
        null,
        null,
        1,
        0,
        0,
        null,
        null,
        null,
        1,
        1,
        null,
        null,
        1,
        null,
        null,
        null
      ],
      "/Users/vidoseaver/Desktop/mod1/project/black_thursday/lib/customer.rb": [
        1,
        1,
        null,
        1,
        null,
        1,
        null,
        null,
        null,
        null,
        null,
        null,
        1,
        7500,
        7500,
        7500,
        7500,
        7500,
        7500,
        null,
        null,
        1,
        1,
        null,
        null,
        null
      ]
    },
    "timestamp": 1470096553
  }
}
